0 info it worked if it ends with ok
1 verbose cli [ 'node',
1 verbose cli   '/usr/local/bin/npm',
1 verbose cli   'install',
1 verbose cli   '--global',
1 verbose cli   'pure-prompt' ]
2 info using npm@1.4.14
3 info using node@v0.10.29
4 verbose cache add [ 'pure-prompt', null ]
5 verbose cache add name=undefined spec="pure-prompt" args=["pure-prompt",null]
6 verbose parsed url { protocol: null,
6 verbose parsed url   slashes: null,
6 verbose parsed url   auth: null,
6 verbose parsed url   host: null,
6 verbose parsed url   port: null,
6 verbose parsed url   hostname: null,
6 verbose parsed url   hash: null,
6 verbose parsed url   search: null,
6 verbose parsed url   query: null,
6 verbose parsed url   pathname: 'pure-prompt',
6 verbose parsed url   path: 'pure-prompt',
6 verbose parsed url   href: 'pure-prompt' }
7 silly lockFile e36377dc-pure-prompt pure-prompt
8 verbose lock pure-prompt /Users/shogg/.npm/e36377dc-pure-prompt.lock
9 silly lockFile e36377dc-pure-prompt pure-prompt
10 silly lockFile e36377dc-pure-prompt pure-prompt
11 verbose addNamed [ 'pure-prompt', '' ]
12 verbose addNamed [ null, '*' ]
13 silly lockFile 5684e4d0-pure-prompt pure-prompt@
14 verbose lock pure-prompt@ /Users/shogg/.npm/5684e4d0-pure-prompt.lock
15 silly addNameRange { name: 'pure-prompt', range: '*', hasData: false }
16 verbose url raw pure-prompt
17 verbose url resolving [ 'https://registry.npmjs.org/', './pure-prompt' ]
18 verbose url resolved https://registry.npmjs.org/pure-prompt
19 info trying registry request attempt 1 at 16:44:51
20 http GET https://registry.npmjs.org/pure-prompt
21 http 200 https://registry.npmjs.org/pure-prompt
22 silly registry.get cb [ 200,
22 silly registry.get   { date: 'Tue, 14 Oct 2014 21:44:51 GMT',
22 silly registry.get     server: 'CouchDB/1.5.0 (Erlang OTP/R16B03)',
22 silly registry.get     etag: '"D4N79AJXIXI59ZKY1RLUW7KCP"',
22 silly registry.get     'content-type': 'application/json',
22 silly registry.get     'cache-control': 'max-age=60',
22 silly registry.get     'content-length': '16082',
22 silly registry.get     'accept-ranges': 'bytes',
22 silly registry.get     via: '1.1 varnish',
22 silly registry.get     age: '0',
22 silly registry.get     'x-served-by': 'cache-ord1721-ORD',
22 silly registry.get     'x-cache': 'MISS',
22 silly registry.get     'x-cache-hits': '0',
22 silly registry.get     'x-timer': 'S1413323091.624099,VS0,VE291',
22 silly registry.get     vary: 'Accept',
22 silly registry.get     'keep-alive': 'timeout=10, max=50',
22 silly registry.get     connection: 'Keep-Alive' } ]
23 silly addNameRange number 2 { name: 'pure-prompt', range: '*', hasData: true }
24 silly addNameRange versions [ 'pure-prompt',
24 silly addNameRange   [ '0.1.0',
24 silly addNameRange     '0.1.1',
24 silly addNameRange     '0.1.2',
24 silly addNameRange     '0.1.3',
24 silly addNameRange     '0.2.0',
24 silly addNameRange     '0.2.1',
24 silly addNameRange     '0.2.2',
24 silly addNameRange     '0.3.0',
24 silly addNameRange     '0.3.1' ] ]
25 verbose addNamed [ 'pure-prompt', '0.3.1' ]
26 verbose addNamed [ '0.3.1', '0.3.1' ]
27 silly lockFile c37e3597-pure-prompt-0-3-1 pure-prompt@0.3.1
28 verbose lock pure-prompt@0.3.1 /Users/shogg/.npm/c37e3597-pure-prompt-0-3-1.lock
29 silly lockFile 153236d4-ure-prompt-pure-prompt-0-3-1-tgz https://registry.npmjs.org/pure-prompt/-/pure-prompt-0.3.1.tgz
30 verbose lock https://registry.npmjs.org/pure-prompt/-/pure-prompt-0.3.1.tgz /Users/shogg/.npm/153236d4-ure-prompt-pure-prompt-0-3-1-tgz.lock
31 verbose addRemoteTarball [ 'https://registry.npmjs.org/pure-prompt/-/pure-prompt-0.3.1.tgz',
31 verbose addRemoteTarball   '103cc48132e3cd684d275e338a66367fda44b0f2' ]
32 info retry fetch attempt 1 at 16:44:51
33 verbose fetch to= /var/folders/63/7lz5qcfj7tb72mylsr18b2rw0000gn/T/npm-2891-ZmDZm762/registry.npmjs.org/pure-prompt/-/pure-prompt-0.3.1.tgz
34 http GET https://registry.npmjs.org/pure-prompt/-/pure-prompt-0.3.1.tgz
35 http 200 https://registry.npmjs.org/pure-prompt/-/pure-prompt-0.3.1.tgz
36 silly lockFile 153236d4-ure-prompt-pure-prompt-0-3-1-tgz https://registry.npmjs.org/pure-prompt/-/pure-prompt-0.3.1.tgz
37 silly lockFile 153236d4-ure-prompt-pure-prompt-0-3-1-tgz https://registry.npmjs.org/pure-prompt/-/pure-prompt-0.3.1.tgz
38 silly lockFile c37e3597-pure-prompt-0-3-1 pure-prompt@0.3.1
39 silly lockFile c37e3597-pure-prompt-0-3-1 pure-prompt@0.3.1
40 silly lockFile 5684e4d0-pure-prompt pure-prompt@
41 silly lockFile 5684e4d0-pure-prompt pure-prompt@
42 silly resolved [ { name: 'pure-prompt',
42 silly resolved     version: '0.3.1',
42 silly resolved     description: 'Pretty, minimal and fast ZSH prompt',
42 silly resolved     license: 'MIT',
42 silly resolved     repository: { type: 'git', url: 'https://github.com/sindresorhus/pure' },
42 silly resolved     author:
42 silly resolved      { name: 'Sindre Sorhus',
42 silly resolved        email: 'sindresorhus@gmail.com',
42 silly resolved        url: 'http://sindresorhus.com' },
42 silly resolved     engines: { node: '>=0.10.0' },
42 silly resolved     scripts: { postinstall: 'dest=/usr/local/share/zsh/site-functions/; mkdir -p $dest && ln -sf "$PWD/pure.zsh" $dest/prompt_pure_setup || echo \'Could not automagically symlink the prompt. Check out the readme on how to do it manually: https://github.com/sindresorhus/pure#manually\'' },
42 silly resolved     files: [ 'pure.zsh' ],
42 silly resolved     keywords: [ 'zsh', 'sh', 'shell', 'bash', 'pure', 'prompt', 'theme' ],
42 silly resolved     gitHead: '2577a4cc078d05c51d9d8e4278b8d16ab348a1b9',
42 silly resolved     bugs: { url: 'https://github.com/sindresorhus/pure/issues' },
42 silly resolved     homepage: 'https://github.com/sindresorhus/pure',
42 silly resolved     _id: 'pure-prompt@0.3.1',
42 silly resolved     _shasum: '103cc48132e3cd684d275e338a66367fda44b0f2',
42 silly resolved     _from: 'pure-prompt@',
42 silly resolved     _npmVersion: '2.0.2',
42 silly resolved     _nodeVersion: '0.10.32',
42 silly resolved     _npmUser: { name: 'sindresorhus', email: 'sindresorhus@gmail.com' },
42 silly resolved     maintainers: [ [Object] ],
42 silly resolved     dist:
42 silly resolved      { shasum: '103cc48132e3cd684d275e338a66367fda44b0f2',
42 silly resolved        tarball: 'http://registry.npmjs.org/pure-prompt/-/pure-prompt-0.3.1.tgz' },
42 silly resolved     directories: {},
42 silly resolved     _resolved: 'https://registry.npmjs.org/pure-prompt/-/pure-prompt-0.3.1.tgz' } ]
43 info install pure-prompt@0.3.1 into /usr/local/lib
44 info installOne pure-prompt@0.3.1
45 info /usr/local/lib/node_modules/pure-prompt unbuild
46 verbose tar unpack /Users/shogg/.npm/pure-prompt/0.3.1/package.tgz
47 silly lockFile 7d601d86-cal-lib-node-modules-pure-prompt tar:///usr/local/lib/node_modules/pure-prompt
48 verbose lock tar:///usr/local/lib/node_modules/pure-prompt /Users/shogg/.npm/7d601d86-cal-lib-node-modules-pure-prompt.lock
49 silly lockFile e71df5f9-pm-pure-prompt-0-3-1-package-tgz tar:///Users/shogg/.npm/pure-prompt/0.3.1/package.tgz
50 verbose lock tar:///Users/shogg/.npm/pure-prompt/0.3.1/package.tgz /Users/shogg/.npm/e71df5f9-pm-pure-prompt-0-3-1-package-tgz.lock
51 silly gunzTarPerm modes [ '755', '644' ]
52 error Error: EACCES, mkdir '/usr/local/lib/node_modules/pure-prompt'
52 error  { [Error: EACCES, mkdir '/usr/local/lib/node_modules/pure-prompt']
52 error   errno: 3,
52 error   code: 'EACCES',
52 error   path: '/usr/local/lib/node_modules/pure-prompt',
52 error   fstream_type: 'Directory',
52 error   fstream_path: '/usr/local/lib/node_modules/pure-prompt',
52 error   fstream_class: 'DirWriter',
52 error   fstream_stack:
52 error    [ '/usr/local/lib/node_modules/npm/node_modules/fstream/lib/dir-writer.js:36:23',
52 error      '/usr/local/lib/node_modules/npm/node_modules/mkdirp/index.js:37:53',
52 error      'Object.oncomplete (fs.js:107:15)' ] }
53 error Please try running this command again as root/Administrator.
54 error System Darwin 14.0.0
55 error command "node" "/usr/local/bin/npm" "install" "--global" "pure-prompt"
56 error cwd /Users/shogg/.oh-my-zsh/themes
57 error node -v v0.10.29
58 error npm -v 1.4.14
59 error path /usr/local/lib/node_modules/pure-prompt
60 error fstream_path /usr/local/lib/node_modules/pure-prompt
61 error fstream_type Directory
62 error fstream_class DirWriter
63 error code EACCES
64 error errno 3
65 error stack Error: EACCES, mkdir '/usr/local/lib/node_modules/pure-prompt'
66 error fstream_stack /usr/local/lib/node_modules/npm/node_modules/fstream/lib/dir-writer.js:36:23
66 error fstream_stack /usr/local/lib/node_modules/npm/node_modules/mkdirp/index.js:37:53
66 error fstream_stack Object.oncomplete (fs.js:107:15)
67 verbose exit [ 3, true ]
